[INFO ] 2019-12-23 12:22:08,845 com.tcl.move.main.SubsCountLoader - Batch started.
[ERROR] 2019-12-23 12:22:09,129 org.apache.hadoop.util.Shell - Failed to locate the winutils binary in the hadoop binary path
java.io.IOException: Could not locate executable null\bin\winutils.exe in the Hadoop binaries.
	at org.apache.hadoop.util.Shell.getQualifiedBinPath(Shell.java:318)
	at org.apache.hadoop.util.Shell.getWinUtilsPath(Shell.java:333)
	at org.apache.hadoop.util.Shell.<clinit>(Shell.java:326)
	at org.apache.hadoop.hive.conf.HiveConf$ConfVars.findHadoopBinary(HiveConf.java:924)
	at org.apache.hadoop.hive.conf.HiveConf$ConfVars.<clinit>(HiveConf.java:230)
	at org.apache.hive.jdbc.HiveConnection.isHttpTransportMode(HiveConnection.java:304)
	at org.apache.hive.jdbc.HiveConnection.openTransport(HiveConnection.java:181)
	at org.apache.hive.jdbc.HiveConnection.<init>(HiveConnection.java:164)
	at org.apache.hive.jdbc.HiveDriver.connect(HiveDriver.java:105)
	at java.sql.DriverManager.getConnection(Unknown Source)
	at java.sql.DriverManager.getConnection(Unknown Source)
	at com.tcl.move.dao.JDBCConnection.getConnectionHive(JDBCConnection.java:37)
	at com.tcl.move.dao.SubsCountDAO.getLastPartFromRaw(SubsCountDAO.java:38)
	at com.tcl.move.main.SubsCountLoader.loadAPItables(SubsCountLoader.java:68)
	at com.tcl.move.main.SubsCountLoader.main(SubsCountLoader.java:54)
[INFO ] 2019-12-23 12:22:09,752 com.tcl.move.dao.JDBCConnection - Hive Database Connection established
[INFO ] 2019-12-23 12:24:17,220 com.tcl.move.dao.SubsCountDAO - Partiton Date in raw table - 2019-12-22
[INFO ] 2019-12-23 12:24:18,433 com.tcl.move.dao.JDBCConnection - Hive Database Connection established
[INFO ] 2019-12-23 12:24:24,354 com.tcl.move.dao.SubsCountDAO - Partiton Date in raw table - 2019-12-22
[INFO ] 2019-12-23 12:24:25,495 com.tcl.move.dao.JDBCConnection - Hive Database Connection established
[INFO ] 2019-12-23 12:24:30,462 com.tcl.move.dao.SubsCountDAO - Partiton Date in raw table - 2019-12-21
[INFO ] 2019-12-23 12:24:31,759 com.tcl.move.dao.JDBCConnection - Hive Database Connection established
[INFO ] 2019-12-23 12:24:32,649 com.tcl.move.dao.SubsCountDAO - Month Table Truncated
[INFO ] 2019-12-23 12:24:37,228 com.tcl.move.dao.SubsCountDAO - Active, Suspended, Deactivated, etc SIM counts updated
[INFO ] 2019-12-23 12:24:37,247 com.tcl.move.dao.SubsCountDAO - Executing insert into mnaas.move_curr_month_count partition (status_date) select split_part(split_part(businessunittag, '|', (businessunitlevel*3)-1), '=', 2) buss_unit_id, 'Activity' prod_status, count(distinct sim), '2019-12-01' from mnaas.traffic_details_raw_daily where partition_date between ? and ? group by buss_unit_id
[INFO ] 2019-12-23 12:24:47,206 com.tcl.move.dao.SubsCountDAO - Executing insert into mnaas.move_curr_month_count partition (status_date) select split_part(split_part(businessunittag, '|', (businessunitlevel*3)-1), '=', 2) buss_unit_id, 'Activity' prod_status, count(distinct sim), '2019-12-02' from mnaas.traffic_details_raw_daily where partition_date between ? and ? group by buss_unit_id
[INFO ] 2019-12-23 12:24:56,291 com.tcl.move.dao.SubsCountDAO - Executing insert into mnaas.move_curr_month_count partition (status_date) select split_part(split_part(businessunittag, '|', (businessunitlevel*3)-1), '=', 2) buss_unit_id, 'Activity' prod_status, count(distinct sim), '2019-12-03' from mnaas.traffic_details_raw_daily where partition_date between ? and ? group by buss_unit_id
[INFO ] 2019-12-23 12:25:03,536 com.tcl.move.dao.SubsCountDAO - Executing insert into mnaas.move_curr_month_count partition (status_date) select split_part(split_part(businessunittag, '|', (businessunitlevel*3)-1), '=', 2) buss_unit_id, 'Activity' prod_status, count(distinct sim), '2019-12-04' from mnaas.traffic_details_raw_daily where partition_date between ? and ? group by buss_unit_id
[INFO ] 2019-12-23 12:25:15,875 com.tcl.move.dao.SubsCountDAO - Executing insert into mnaas.move_curr_month_count partition (status_date) select split_part(split_part(businessunittag, '|', (businessunitlevel*3)-1), '=', 2) buss_unit_id, 'Activity' prod_status, count(distinct sim), '2019-12-05' from mnaas.traffic_details_raw_daily where partition_date between ? and ? group by buss_unit_id
[INFO ] 2019-12-23 12:25:30,333 com.tcl.move.dao.SubsCountDAO - Executing insert into mnaas.move_curr_month_count partition (status_date) select split_part(split_part(businessunittag, '|', (businessunitlevel*3)-1), '=', 2) buss_unit_id, 'Activity' prod_status, count(distinct sim), '2019-12-06' from mnaas.traffic_details_raw_daily where partition_date between ? and ? group by buss_unit_id
[INFO ] 2019-12-23 12:25:43,477 com.tcl.move.dao.SubsCountDAO - Executing insert into mnaas.move_curr_month_count partition (status_date) select split_part(split_part(businessunittag, '|', (businessunitlevel*3)-1), '=', 2) buss_unit_id, 'Activity' prod_status, count(distinct sim), '2019-12-07' from mnaas.traffic_details_raw_daily where partition_date between ? and ? group by buss_unit_id
[INFO ] 2019-12-23 12:26:00,953 com.tcl.move.dao.SubsCountDAO - Executing insert into mnaas.move_curr_month_count partition (status_date) select split_part(split_part(businessunittag, '|', (businessunitlevel*3)-1), '=', 2) buss_unit_id, 'Activity' prod_status, count(distinct sim), '2019-12-08' from mnaas.traffic_details_raw_daily where partition_date between ? and ? group by buss_unit_id
[INFO ] 2019-12-23 12:26:15,839 com.tcl.move.dao.SubsCountDAO - Executing insert into mnaas.move_curr_month_count partition (status_date) select split_part(split_part(businessunittag, '|', (businessunitlevel*3)-1), '=', 2) buss_unit_id, 'Activity' prod_status, count(distinct sim), '2019-12-09' from mnaas.traffic_details_raw_daily where partition_date between ? and ? group by buss_unit_id
[INFO ] 2019-12-23 12:26:31,058 com.tcl.move.dao.SubsCountDAO - Executing insert into mnaas.move_curr_month_count partition (status_date) select split_part(split_part(businessunittag, '|', (businessunitlevel*3)-1), '=', 2) buss_unit_id, 'Activity' prod_status, count(distinct sim), '2019-12-10' from mnaas.traffic_details_raw_daily where partition_date between ? and ? group by buss_unit_id
[INFO ] 2019-12-23 12:26:43,854 com.tcl.move.dao.SubsCountDAO - Executing insert into mnaas.move_curr_month_count partition (status_date) select split_part(split_part(businessunittag, '|', (businessunitlevel*3)-1), '=', 2) buss_unit_id, 'Activity' prod_status, count(distinct sim), '2019-12-11' from mnaas.traffic_details_raw_daily where partition_date between ? and ? group by buss_unit_id
[INFO ] 2019-12-23 12:27:01,640 com.tcl.move.dao.SubsCountDAO - Executing insert into mnaas.move_curr_month_count partition (status_date) select split_part(split_part(businessunittag, '|', (businessunitlevel*3)-1), '=', 2) buss_unit_id, 'Activity' prod_status, count(distinct sim), '2019-12-12' from mnaas.traffic_details_raw_daily where partition_date between ? and ? group by buss_unit_id
[INFO ] 2019-12-23 12:27:12,727 com.tcl.move.dao.SubsCountDAO - Executing insert into mnaas.move_curr_month_count partition (status_date) select split_part(split_part(businessunittag, '|', (businessunitlevel*3)-1), '=', 2) buss_unit_id, 'Activity' prod_status, count(distinct sim), '2019-12-13' from mnaas.traffic_details_raw_daily where partition_date between ? and ? group by buss_unit_id
[INFO ] 2019-12-23 12:27:36,054 com.tcl.move.dao.SubsCountDAO - Executing insert into mnaas.move_curr_month_count partition (status_date) select split_part(split_part(businessunittag, '|', (businessunitlevel*3)-1), '=', 2) buss_unit_id, 'Activity' prod_status, count(distinct sim), '2019-12-14' from mnaas.traffic_details_raw_daily where partition_date between ? and ? group by buss_unit_id
[INFO ] 2019-12-23 12:28:12,857 com.tcl.move.dao.SubsCountDAO - Executing insert into mnaas.move_curr_month_count partition (status_date) select split_part(split_part(businessunittag, '|', (businessunitlevel*3)-1), '=', 2) buss_unit_id, 'Activity' prod_status, count(distinct sim), '2019-12-15' from mnaas.traffic_details_raw_daily where partition_date between ? and ? group by buss_unit_id
[INFO ] 2019-12-23 12:28:22,368 com.tcl.move.dao.SubsCountDAO - Executing insert into mnaas.move_curr_month_count partition (status_date) select split_part(split_part(businessunittag, '|', (businessunitlevel*3)-1), '=', 2) buss_unit_id, 'Activity' prod_status, count(distinct sim), '2019-12-16' from mnaas.traffic_details_raw_daily where partition_date between ? and ? group by buss_unit_id
[INFO ] 2019-12-23 12:28:36,285 com.tcl.move.dao.SubsCountDAO - Executing insert into mnaas.move_curr_month_count partition (status_date) select split_part(split_part(businessunittag, '|', (businessunitlevel*3)-1), '=', 2) buss_unit_id, 'Activity' prod_status, count(distinct sim), '2019-12-17' from mnaas.traffic_details_raw_daily where partition_date between ? and ? group by buss_unit_id
[INFO ] 2019-12-23 12:29:00,597 com.tcl.move.dao.SubsCountDAO - Executing insert into mnaas.move_curr_month_count partition (status_date) select split_part(split_part(businessunittag, '|', (businessunitlevel*3)-1), '=', 2) buss_unit_id, 'Activity' prod_status, count(distinct sim), '2019-12-18' from mnaas.traffic_details_raw_daily where partition_date between ? and ? group by buss_unit_id
[INFO ] 2019-12-23 12:29:20,553 com.tcl.move.dao.SubsCountDAO - Executing insert into mnaas.move_curr_month_count partition (status_date) select split_part(split_part(businessunittag, '|', (businessunitlevel*3)-1), '=', 2) buss_unit_id, 'Activity' prod_status, count(distinct sim), '2019-12-19' from mnaas.traffic_details_raw_daily where partition_date between ? and ? group by buss_unit_id
[INFO ] 2019-12-23 12:29:42,819 com.tcl.move.dao.SubsCountDAO - Executing insert into mnaas.move_curr_month_count partition (status_date) select split_part(split_part(businessunittag, '|', (businessunitlevel*3)-1), '=', 2) buss_unit_id, 'Activity' prod_status, count(distinct sim), '2019-12-20' from mnaas.traffic_details_raw_daily where partition_date between ? and ? group by buss_unit_id
[INFO ] 2019-12-23 12:30:01,629 com.tcl.move.dao.SubsCountDAO - Executing insert into mnaas.move_curr_month_count partition (status_date) select split_part(split_part(businessunittag, '|', (businessunitlevel*3)-1), '=', 2) buss_unit_id, 'Activity' prod_status, count(distinct sim), '2019-12-21' from mnaas.traffic_details_raw_daily where partition_date between ? and ? group by buss_unit_id
[INFO ] 2019-12-23 12:30:14,814 com.tcl.move.dao.SubsCountDAO - Executing insert into mnaas.move_curr_month_count partition (status_date) select split_part(split_part(businessunittag, '|', (businessunitlevel*3)-1), '=', 2) buss_unit_id, 'Activity' prod_status, count(distinct sim), '2019-12-22' from mnaas.traffic_details_raw_daily where partition_date between ? and ? group by buss_unit_id
[INFO ] 2019-12-23 12:30:32,785 com.tcl.move.dao.SubsCountDAO - Activity SIM counts updated
[INFO ] 2019-12-23 12:30:35,849 com.tcl.move.dao.JDBCConnection - Hive Database Connection established
[INFO ] 2019-12-23 12:30:36,401 com.tcl.move.dao.SubsCountDAO - Year Table Partition dropped
[INFO ] 2019-12-23 12:30:38,597 com.tcl.move.dao.SubsCountDAO - Active, Suspended, Deactivated, etc SIM counts updated - insert into mnaas.move_curr_year_count partition (status_month_year) select buss_unit_id, prod_status, sum(count_sim), '2019-12' from mnaas.move_sim_inventory_count where partition_date = ? group by prod_status, buss_unit_id 2019-12-22
[INFO ] 2019-12-23 12:31:00,258 com.tcl.move.dao.SubsCountDAO - Activity SIM counts updated - insert into mnaas.move_curr_year_count partition (status_month_year) select split_part(split_part(businessunittag, '|', (businessunitlevel*3)-1), '=', 2) buss_unit_id, 'Activity' prod_status, count(distinct sim), '2019-12' pdate from mnaas.traffic_details_raw_daily where partition_date between ? and ? group by buss_unit_id 2019-12-01
[INFO ] 2019-12-23 12:31:00,902 com.tcl.move.main.SubsCountLoader - Batch Completed at Mon Dec 23 12:31:00 IST 2019
[INFO ] 2019-12-23 12:52:15,950 com.tcl.move.main.SubsCountLoader - Batch started.
[ERROR] 2019-12-23 12:52:16,113 org.apache.hadoop.util.Shell - Failed to locate the winutils binary in the hadoop binary path
java.io.IOException: Could not locate executable null\bin\winutils.exe in the Hadoop binaries.
	at org.apache.hadoop.util.Shell.getQualifiedBinPath(Shell.java:318)
	at org.apache.hadoop.util.Shell.getWinUtilsPath(Shell.java:333)
	at org.apache.hadoop.util.Shell.<clinit>(Shell.java:326)
	at org.apache.hadoop.hive.conf.HiveConf$ConfVars.findHadoopBinary(HiveConf.java:924)
	at org.apache.hadoop.hive.conf.HiveConf$ConfVars.<clinit>(HiveConf.java:230)
	at org.apache.hive.jdbc.HiveConnection.isHttpTransportMode(HiveConnection.java:304)
	at org.apache.hive.jdbc.HiveConnection.openTransport(HiveConnection.java:181)
	at org.apache.hive.jdbc.HiveConnection.<init>(HiveConnection.java:164)
	at org.apache.hive.jdbc.HiveDriver.connect(HiveDriver.java:105)
	at java.sql.DriverManager.getConnection(Unknown Source)
	at java.sql.DriverManager.getConnection(Unknown Source)
	at com.tcl.move.dao.JDBCConnection.getConnectionHive(JDBCConnection.java:37)
	at com.tcl.move.dao.SubsCountDAO.getLastPartFromRaw(SubsCountDAO.java:38)
	at com.tcl.move.main.SubsCountLoader.loadAPItables(SubsCountLoader.java:68)
	at com.tcl.move.main.SubsCountLoader.main(SubsCountLoader.java:54)
[INFO ] 2019-12-23 12:52:16,704 com.tcl.move.dao.JDBCConnection - Hive Database Connection established
[INFO ] 2019-12-23 12:53:39,607 com.tcl.move.dao.SubsCountDAO - Partiton Date in raw table - 2019-12-22
[INFO ] 2019-12-23 12:53:40,709 com.tcl.move.dao.JDBCConnection - Hive Database Connection established
[INFO ] 2019-12-23 12:53:44,765 com.tcl.move.dao.SubsCountDAO - Partiton Date in raw table - 2019-12-22
[INFO ] 2019-12-23 12:53:45,951 com.tcl.move.dao.JDBCConnection - Hive Database Connection established
[INFO ] 2019-12-23 12:53:49,361 com.tcl.move.dao.SubsCountDAO - Partiton Date in raw table - 2019-12-21
[INFO ] 2019-12-23 12:53:50,967 com.tcl.move.dao.JDBCConnection - Hive Database Connection established
[INFO ] 2019-12-23 12:53:52,281 com.tcl.move.dao.SubsCountDAO - Month Table Truncated
[INFO ] 2019-12-23 12:53:56,296 com.tcl.move.dao.SubsCountDAO - Active, Suspended, Deactivated, etc SIM counts updated
[INFO ] 2019-12-23 12:53:56,306 com.tcl.move.dao.SubsCountDAO - Executing insert into mnaas.move_curr_month_count partition (status_date) select split_part(split_part(businessunittag, '|', (businessunitlevel*3)-1), '=', 2) buss_unit_id, 'Activity' prod_status, count(distinct sim), '2019-12-01' from mnaas.traffic_details_raw_daily where partition_date between ? and ? group by buss_unit_id
[INFO ] 2019-12-23 12:54:02,714 com.tcl.move.dao.SubsCountDAO - Executing insert into mnaas.move_curr_month_count partition (status_date) select split_part(split_part(businessunittag, '|', (businessunitlevel*3)-1), '=', 2) buss_unit_id, 'Activity' prod_status, count(distinct sim), '2019-12-02' from mnaas.traffic_details_raw_daily where partition_date between ? and ? group by buss_unit_id
[INFO ] 2019-12-23 12:54:13,206 com.tcl.move.dao.SubsCountDAO - Executing insert into mnaas.move_curr_month_count partition (status_date) select split_part(split_part(businessunittag, '|', (businessunitlevel*3)-1), '=', 2) buss_unit_id, 'Activity' prod_status, count(distinct sim), '2019-12-03' from mnaas.traffic_details_raw_daily where partition_date between ? and ? group by buss_unit_id
[INFO ] 2019-12-23 12:54:22,633 com.tcl.move.dao.SubsCountDAO - Executing insert into mnaas.move_curr_month_count partition (status_date) select split_part(split_part(businessunittag, '|', (businessunitlevel*3)-1), '=', 2) buss_unit_id, 'Activity' prod_status, count(distinct sim), '2019-12-04' from mnaas.traffic_details_raw_daily where partition_date between ? and ? group by buss_unit_id
[INFO ] 2019-12-23 12:54:32,525 com.tcl.move.dao.SubsCountDAO - Executing insert into mnaas.move_curr_month_count partition (status_date) select split_part(split_part(businessunittag, '|', (businessunitlevel*3)-1), '=', 2) buss_unit_id, 'Activity' prod_status, count(distinct sim), '2019-12-05' from mnaas.traffic_details_raw_daily where partition_date between ? and ? group by buss_unit_id
[INFO ] 2019-12-23 12:54:45,182 com.tcl.move.dao.SubsCountDAO - Executing insert into mnaas.move_curr_month_count partition (status_date) select split_part(split_part(businessunittag, '|', (businessunitlevel*3)-1), '=', 2) buss_unit_id, 'Activity' prod_status, count(distinct sim), '2019-12-06' from mnaas.traffic_details_raw_daily where partition_date between ? and ? group by buss_unit_id
[INFO ] 2019-12-23 12:54:54,861 com.tcl.move.dao.SubsCountDAO - Executing insert into mnaas.move_curr_month_count partition (status_date) select split_part(split_part(businessunittag, '|', (businessunitlevel*3)-1), '=', 2) buss_unit_id, 'Activity' prod_status, count(distinct sim), '2019-12-07' from mnaas.traffic_details_raw_daily where partition_date between ? and ? group by buss_unit_id
[INFO ] 2019-12-23 12:55:06,124 com.tcl.move.dao.SubsCountDAO - Executing insert into mnaas.move_curr_month_count partition (status_date) select split_part(split_part(businessunittag, '|', (businessunitlevel*3)-1), '=', 2) buss_unit_id, 'Activity' prod_status, count(distinct sim), '2019-12-08' from mnaas.traffic_details_raw_daily where partition_date between ? and ? group by buss_unit_id
[INFO ] 2019-12-23 12:55:23,269 com.tcl.move.dao.SubsCountDAO - Executing insert into mnaas.move_curr_month_count partition (status_date) select split_part(split_part(businessunittag, '|', (businessunitlevel*3)-1), '=', 2) buss_unit_id, 'Activity' prod_status, count(distinct sim), '2019-12-09' from mnaas.traffic_details_raw_daily where partition_date between ? and ? group by buss_unit_id
[INFO ] 2019-12-23 12:55:37,400 com.tcl.move.dao.SubsCountDAO - Executing insert into mnaas.move_curr_month_count partition (status_date) select split_part(split_part(businessunittag, '|', (businessunitlevel*3)-1), '=', 2) buss_unit_id, 'Activity' prod_status, count(distinct sim), '2019-12-10' from mnaas.traffic_details_raw_daily where partition_date between ? and ? group by buss_unit_id
[INFO ] 2019-12-23 12:55:49,079 com.tcl.move.dao.SubsCountDAO - Executing insert into mnaas.move_curr_month_count partition (status_date) select split_part(split_part(businessunittag, '|', (businessunitlevel*3)-1), '=', 2) buss_unit_id, 'Activity' prod_status, count(distinct sim), '2019-12-11' from mnaas.traffic_details_raw_daily where partition_date between ? and ? group by buss_unit_id
[INFO ] 2019-12-23 12:56:07,011 com.tcl.move.dao.SubsCountDAO - Executing insert into mnaas.move_curr_month_count partition (status_date) select split_part(split_part(businessunittag, '|', (businessunitlevel*3)-1), '=', 2) buss_unit_id, 'Activity' prod_status, count(distinct sim), '2019-12-12' from mnaas.traffic_details_raw_daily where partition_date between ? and ? group by buss_unit_id
[INFO ] 2019-12-23 12:56:28,302 com.tcl.move.dao.SubsCountDAO - Executing insert into mnaas.move_curr_month_count partition (status_date) select split_part(split_part(businessunittag, '|', (businessunitlevel*3)-1), '=', 2) buss_unit_id, 'Activity' prod_status, count(distinct sim), '2019-12-13' from mnaas.traffic_details_raw_daily where partition_date between ? and ? group by buss_unit_id
[INFO ] 2019-12-23 12:56:47,398 com.tcl.move.dao.SubsCountDAO - Executing insert into mnaas.move_curr_month_count partition (status_date) select split_part(split_part(businessunittag, '|', (businessunitlevel*3)-1), '=', 2) buss_unit_id, 'Activity' prod_status, count(distinct sim), '2019-12-14' from mnaas.traffic_details_raw_daily where partition_date between ? and ? group by buss_unit_id
[INFO ] 2019-12-23 12:57:03,396 com.tcl.move.dao.SubsCountDAO - Executing insert into mnaas.move_curr_month_count partition (status_date) select split_part(split_part(businessunittag, '|', (businessunitlevel*3)-1), '=', 2) buss_unit_id, 'Activity' prod_status, count(distinct sim), '2019-12-15' from mnaas.traffic_details_raw_daily where partition_date between ? and ? group by buss_unit_id
[INFO ] 2019-12-23 12:57:21,817 com.tcl.move.dao.SubsCountDAO - Executing insert into mnaas.move_curr_month_count partition (status_date) select split_part(split_part(businessunittag, '|', (businessunitlevel*3)-1), '=', 2) buss_unit_id, 'Activity' prod_status, count(distinct sim), '2019-12-16' from mnaas.traffic_details_raw_daily where partition_date between ? and ? group by buss_unit_id
[INFO ] 2019-12-23 12:57:40,496 com.tcl.move.dao.SubsCountDAO - Executing insert into mnaas.move_curr_month_count partition (status_date) select split_part(split_part(businessunittag, '|', (businessunitlevel*3)-1), '=', 2) buss_unit_id, 'Activity' prod_status, count(distinct sim), '2019-12-17' from mnaas.traffic_details_raw_daily where partition_date between ? and ? group by buss_unit_id
[INFO ] 2019-12-23 12:58:00,653 com.tcl.move.dao.SubsCountDAO - Executing insert into mnaas.move_curr_month_count partition (status_date) select split_part(split_part(businessunittag, '|', (businessunitlevel*3)-1), '=', 2) buss_unit_id, 'Activity' prod_status, count(distinct sim), '2019-12-18' from mnaas.traffic_details_raw_daily where partition_date between ? and ? group by buss_unit_id
[INFO ] 2019-12-23 12:58:30,159 com.tcl.move.dao.SubsCountDAO - Executing insert into mnaas.move_curr_month_count partition (status_date) select split_part(split_part(businessunittag, '|', (businessunitlevel*3)-1), '=', 2) buss_unit_id, 'Activity' prod_status, count(distinct sim), '2019-12-19' from mnaas.traffic_details_raw_daily where partition_date between ? and ? group by buss_unit_id
[INFO ] 2019-12-23 12:58:51,519 com.tcl.move.dao.SubsCountDAO - Executing insert into mnaas.move_curr_month_count partition (status_date) select split_part(split_part(businessunittag, '|', (businessunitlevel*3)-1), '=', 2) buss_unit_id, 'Activity' prod_status, count(distinct sim), '2019-12-20' from mnaas.traffic_details_raw_daily where partition_date between ? and ? group by buss_unit_id
[INFO ] 2019-12-23 12:59:15,473 com.tcl.move.dao.SubsCountDAO - Executing insert into mnaas.move_curr_month_count partition (status_date) select split_part(split_part(businessunittag, '|', (businessunitlevel*3)-1), '=', 2) buss_unit_id, 'Activity' prod_status, count(distinct sim), '2019-12-21' from mnaas.traffic_details_raw_daily where partition_date between ? and ? group by buss_unit_id
[INFO ] 2019-12-23 12:59:36,145 com.tcl.move.dao.SubsCountDAO - Executing insert into mnaas.move_curr_month_count partition (status_date) select split_part(split_part(businessunittag, '|', (businessunitlevel*3)-1), '=', 2) buss_unit_id, 'Activity' prod_status, count(distinct sim), '2019-12-22' from mnaas.traffic_details_raw_daily where partition_date between ? and ? group by buss_unit_id
[INFO ] 2019-12-23 12:59:55,454 com.tcl.move.dao.SubsCountDAO - Activity SIM counts updated
[INFO ] 2019-12-23 12:59:58,429 com.tcl.move.dao.JDBCConnection - Hive Database Connection established
[INFO ] 2019-12-23 12:59:58,973 com.tcl.move.dao.SubsCountDAO - Year Table Partition dropped
[INFO ] 2019-12-23 13:00:02,284 com.tcl.move.dao.SubsCountDAO - Refresh Completed. Count in partition - 1395
[INFO ] 2019-12-23 13:00:04,793 com.tcl.move.dao.SubsCountDAO - Active, Suspended, Deactivated, etc SIM counts updated - insert into mnaas.move_curr_year_count partition (status_month_year) select buss_unit_id, prod_status, sum(count_sim), '2019-12' from mnaas.move_sim_inventory_count where partition_date = ? group by prod_status, buss_unit_id 2019-12-22
[INFO ] 2019-12-23 13:00:32,189 com.tcl.move.dao.SubsCountDAO - Activity SIM counts updated - insert into mnaas.move_curr_year_count partition (status_month_year) select split_part(split_part(businessunittag, '|', (businessunitlevel*3)-1), '=', 2) buss_unit_id, 'Activity' prod_status, count(distinct sim), '2019-12' pdate from mnaas.traffic_details_raw_daily where partition_date between ? and ? group by buss_unit_id 2019-12-01
[INFO ] 2019-12-23 13:00:33,075 com.tcl.move.main.SubsCountLoader - Batch Completed at Mon Dec 23 13:00:33 IST 2019
[INFO ] 2019-12-23 13:09:52,449 com.tcl.move.main.SubsCountLoader - Batch started.
[ERROR] 2019-12-23 13:09:52,588 org.apache.hadoop.util.Shell - Failed to locate the winutils binary in the hadoop binary path
java.io.IOException: Could not locate executable null\bin\winutils.exe in the Hadoop binaries.
	at org.apache.hadoop.util.Shell.getQualifiedBinPath(Shell.java:318)
	at org.apache.hadoop.util.Shell.getWinUtilsPath(Shell.java:333)
	at org.apache.hadoop.util.Shell.<clinit>(Shell.java:326)
	at org.apache.hadoop.hive.conf.HiveConf$ConfVars.findHadoopBinary(HiveConf.java:924)
	at org.apache.hadoop.hive.conf.HiveConf$ConfVars.<clinit>(HiveConf.java:230)
	at org.apache.hive.jdbc.HiveConnection.isHttpTransportMode(HiveConnection.java:304)
	at org.apache.hive.jdbc.HiveConnection.openTransport(HiveConnection.java:181)
	at org.apache.hive.jdbc.HiveConnection.<init>(HiveConnection.java:164)
	at org.apache.hive.jdbc.HiveDriver.connect(HiveDriver.java:105)
	at java.sql.DriverManager.getConnection(Unknown Source)
	at java.sql.DriverManager.getConnection(Unknown Source)
	at com.tcl.move.dao.JDBCConnection.getConnectionHive(JDBCConnection.java:37)
	at com.tcl.move.dao.SubsCountDAO.getLastPartFromRaw(SubsCountDAO.java:38)
	at com.tcl.move.main.SubsCountLoader.loadAPItables(SubsCountLoader.java:68)
	at com.tcl.move.main.SubsCountLoader.main(SubsCountLoader.java:54)
[INFO ] 2019-12-23 13:09:53,165 com.tcl.move.dao.JDBCConnection - Hive Database Connection established
[INFO ] 2019-12-23 13:12:09,332 com.tcl.move.dao.SubsCountDAO - Partiton Date in raw table - 2019-12-22
[INFO ] 2019-12-23 13:12:10,390 com.tcl.move.dao.JDBCConnection - Hive Database Connection established
[INFO ] 2019-12-23 13:12:18,705 com.tcl.move.dao.SubsCountDAO - Partiton Date in raw table - 2019-12-22
[INFO ] 2019-12-23 13:12:19,730 com.tcl.move.dao.JDBCConnection - Hive Database Connection established
[INFO ] 2019-12-23 13:12:29,716 com.tcl.move.dao.SubsCountDAO - Partiton Date in raw table - 2019-12-21
[INFO ] 2019-12-23 13:12:30,798 com.tcl.move.dao.JDBCConnection - Hive Database Connection established
[INFO ] 2019-12-23 13:12:38,407 com.tcl.move.dao.SubsCountDAO - Month Table Truncated
[INFO ] 2019-12-23 13:12:45,916 com.tcl.move.dao.SubsCountDAO - Active, Suspended, Deactivated, etc SIM counts updated
[INFO ] 2019-12-23 13:12:45,916 com.tcl.move.dao.SubsCountDAO - Executing insert into mnaas.move_curr_month_count partition (status_date) select split_part(split_part(businessunittag, '|', (businessunitlevel*3)-1), '=', 2) buss_unit_id, 'Activity' prod_status, count(distinct sim), '2019-12-01' from mnaas.traffic_details_raw_daily where partition_date between ? and ? group by buss_unit_id
[INFO ] 2019-12-23 13:12:56,732 com.tcl.move.dao.SubsCountDAO - Executing insert into mnaas.move_curr_month_count partition (status_date) select split_part(split_part(businessunittag, '|', (businessunitlevel*3)-1), '=', 2) buss_unit_id, 'Activity' prod_status, count(distinct sim), '2019-12-02' from mnaas.traffic_details_raw_daily where partition_date between ? and ? group by buss_unit_id
[INFO ] 2019-12-23 13:13:10,765 com.tcl.move.dao.SubsCountDAO - Executing insert into mnaas.move_curr_month_count partition (status_date) select split_part(split_part(businessunittag, '|', (businessunitlevel*3)-1), '=', 2) buss_unit_id, 'Activity' prod_status, count(distinct sim), '2019-12-03' from mnaas.traffic_details_raw_daily where partition_date between ? and ? group by buss_unit_id
[INFO ] 2019-12-23 13:13:25,438 com.tcl.move.dao.SubsCountDAO - Executing insert into mnaas.move_curr_month_count partition (status_date) select split_part(split_part(businessunittag, '|', (businessunitlevel*3)-1), '=', 2) buss_unit_id, 'Activity' prod_status, count(distinct sim), '2019-12-04' from mnaas.traffic_details_raw_daily where partition_date between ? and ? group by buss_unit_id
[INFO ] 2019-12-23 13:13:51,496 com.tcl.move.dao.SubsCountDAO - Executing insert into mnaas.move_curr_month_count partition (status_date) select split_part(split_part(businessunittag, '|', (businessunitlevel*3)-1), '=', 2) buss_unit_id, 'Activity' prod_status, count(distinct sim), '2019-12-05' from mnaas.traffic_details_raw_daily where partition_date between ? and ? group by buss_unit_id
[INFO ] 2019-12-23 13:14:14,392 com.tcl.move.dao.SubsCountDAO - Executing insert into mnaas.move_curr_month_count partition (status_date) select split_part(split_part(businessunittag, '|', (businessunitlevel*3)-1), '=', 2) buss_unit_id, 'Activity' prod_status, count(distinct sim), '2019-12-06' from mnaas.traffic_details_raw_daily where partition_date between ? and ? group by buss_unit_id
[INFO ] 2019-12-23 13:14:40,897 com.tcl.move.dao.SubsCountDAO - Executing insert into mnaas.move_curr_month_count partition (status_date) select split_part(split_part(businessunittag, '|', (businessunitlevel*3)-1), '=', 2) buss_unit_id, 'Activity' prod_status, count(distinct sim), '2019-12-07' from mnaas.traffic_details_raw_daily where partition_date between ? and ? group by buss_unit_id
[INFO ] 2019-12-23 13:15:14,928 com.tcl.move.dao.SubsCountDAO - Executing insert into mnaas.move_curr_month_count partition (status_date) select split_part(split_part(businessunittag, '|', (businessunitlevel*3)-1), '=', 2) buss_unit_id, 'Activity' prod_status, count(distinct sim), '2019-12-08' from mnaas.traffic_details_raw_daily where partition_date between ? and ? group by buss_unit_id
[INFO ] 2019-12-23 13:15:42,053 com.tcl.move.dao.SubsCountDAO - Executing insert into mnaas.move_curr_month_count partition (status_date) select split_part(split_part(businessunittag, '|', (businessunitlevel*3)-1), '=', 2) buss_unit_id, 'Activity' prod_status, count(distinct sim), '2019-12-09' from mnaas.traffic_details_raw_daily where partition_date between ? and ? group by buss_unit_id
[INFO ] 2019-12-23 13:16:15,923 com.tcl.move.dao.SubsCountDAO - Executing insert into mnaas.move_curr_month_count partition (status_date) select split_part(split_part(businessunittag, '|', (businessunitlevel*3)-1), '=', 2) buss_unit_id, 'Activity' prod_status, count(distinct sim), '2019-12-10' from mnaas.traffic_details_raw_daily where partition_date between ? and ? group by buss_unit_id
[INFO ] 2019-12-23 13:16:36,948 com.tcl.move.dao.SubsCountDAO - Executing insert into mnaas.move_curr_month_count partition (status_date) select split_part(split_part(businessunittag, '|', (businessunitlevel*3)-1), '=', 2) buss_unit_id, 'Activity' prod_status, count(distinct sim), '2019-12-11' from mnaas.traffic_details_raw_daily where partition_date between ? and ? group by buss_unit_id
[INFO ] 2019-12-23 13:17:17,588 com.tcl.move.dao.SubsCountDAO - Executing insert into mnaas.move_curr_month_count partition (status_date) select split_part(split_part(businessunittag, '|', (businessunitlevel*3)-1), '=', 2) buss_unit_id, 'Activity' prod_status, count(distinct sim), '2019-12-12' from mnaas.traffic_details_raw_daily where partition_date between ? and ? group by buss_unit_id
[INFO ] 2019-12-23 13:17:43,246 com.tcl.move.dao.SubsCountDAO - Executing insert into mnaas.move_curr_month_count partition (status_date) select split_part(split_part(businessunittag, '|', (businessunitlevel*3)-1), '=', 2) buss_unit_id, 'Activity' prod_status, count(distinct sim), '2019-12-13' from mnaas.traffic_details_raw_daily where partition_date between ? and ? group by buss_unit_id
[INFO ] 2019-12-23 13:18:21,001 com.tcl.move.dao.SubsCountDAO - Executing insert into mnaas.move_curr_month_count partition (status_date) select split_part(split_part(businessunittag, '|', (businessunitlevel*3)-1), '=', 2) buss_unit_id, 'Activity' prod_status, count(distinct sim), '2019-12-14' from mnaas.traffic_details_raw_daily where partition_date between ? and ? group by buss_unit_id
[INFO ] 2019-12-23 13:18:43,566 com.tcl.move.dao.SubsCountDAO - Executing insert into mnaas.move_curr_month_count partition (status_date) select split_part(split_part(businessunittag, '|', (businessunitlevel*3)-1), '=', 2) buss_unit_id, 'Activity' prod_status, count(distinct sim), '2019-12-15' from mnaas.traffic_details_raw_daily where partition_date between ? and ? group by buss_unit_id
[INFO ] 2019-12-23 13:19:09,144 com.tcl.move.dao.SubsCountDAO - Executing insert into mnaas.move_curr_month_count partition (status_date) select split_part(split_part(businessunittag, '|', (businessunitlevel*3)-1), '=', 2) buss_unit_id, 'Activity' prod_status, count(distinct sim), '2019-12-16' from mnaas.traffic_details_raw_daily where partition_date between ? and ? group by buss_unit_id
[INFO ] 2019-12-23 13:19:59,547 com.tcl.move.dao.SubsCountDAO - Executing insert into mnaas.move_curr_month_count partition (status_date) select split_part(split_part(businessunittag, '|', (businessunitlevel*3)-1), '=', 2) buss_unit_id, 'Activity' prod_status, count(distinct sim), '2019-12-17' from mnaas.traffic_details_raw_daily where partition_date between ? and ? group by buss_unit_id
[INFO ] 2019-12-23 13:20:43,406 com.tcl.move.dao.SubsCountDAO - Executing insert into mnaas.move_curr_month_count partition (status_date) select split_part(split_part(businessunittag, '|', (businessunitlevel*3)-1), '=', 2) buss_unit_id, 'Activity' prod_status, count(distinct sim), '2019-12-18' from mnaas.traffic_details_raw_daily where partition_date between ? and ? group by buss_unit_id
[INFO ] 2019-12-23 13:21:22,286 com.tcl.move.dao.SubsCountDAO - Executing insert into mnaas.move_curr_month_count partition (status_date) select split_part(split_part(businessunittag, '|', (businessunitlevel*3)-1), '=', 2) buss_unit_id, 'Activity' prod_status, count(distinct sim), '2019-12-19' from mnaas.traffic_details_raw_daily where partition_date between ? and ? group by buss_unit_id
[INFO ] 2019-12-23 13:21:52,328 com.tcl.move.dao.SubsCountDAO - Executing insert into mnaas.move_curr_month_count partition (status_date) select split_part(split_part(businessunittag, '|', (businessunitlevel*3)-1), '=', 2) buss_unit_id, 'Activity' prod_status, count(distinct sim), '2019-12-20' from mnaas.traffic_details_raw_daily where partition_date between ? and ? group by buss_unit_id
[INFO ] 2019-12-23 13:22:13,422 com.tcl.move.dao.SubsCountDAO - Executing insert into mnaas.move_curr_month_count partition (status_date) select split_part(split_part(businessunittag, '|', (businessunitlevel*3)-1), '=', 2) buss_unit_id, 'Activity' prod_status, count(distinct sim), '2019-12-21' from mnaas.traffic_details_raw_daily where partition_date between ? and ? group by buss_unit_id
[INFO ] 2019-12-23 13:22:37,709 com.tcl.move.dao.SubsCountDAO - Executing insert into mnaas.move_curr_month_count partition (status_date) select split_part(split_part(businessunittag, '|', (businessunitlevel*3)-1), '=', 2) buss_unit_id, 'Activity' prod_status, count(distinct sim), '2019-12-22' from mnaas.traffic_details_raw_daily where partition_date between ? and ? group by buss_unit_id
[INFO ] 2019-12-23 13:23:00,466 com.tcl.move.dao.SubsCountDAO - Activity SIM counts updated
[INFO ] 2019-12-23 13:23:03,655 com.tcl.move.dao.JDBCConnection - Hive Database Connection established
[INFO ] 2019-12-23 13:23:04,231 com.tcl.move.dao.SubsCountDAO - Year Table Partition dropped
[INFO ] 2019-12-23 13:23:06,048 com.tcl.move.dao.SubsCountDAO - Active, Suspended, Deactivated, etc SIM counts updated - insert into mnaas.move_curr_year_count partition (status_month_year) select buss_unit_id, prod_status, sum(count_sim), '2019-12' from mnaas.move_sim_inventory_count where partition_date = ? group by prod_status, buss_unit_id 2019-12-22
[INFO ] 2019-12-23 13:23:29,107 com.tcl.move.dao.SubsCountDAO - Activity SIM counts updated - insert into mnaas.move_curr_year_count partition (status_month_year) select split_part(split_part(businessunittag, '|', (businessunitlevel*3)-1), '=', 2) buss_unit_id, 'Activity' prod_status, count(distinct sim), '2019-12' pdate from mnaas.traffic_details_raw_daily where partition_date between ? and ? group by buss_unit_id 2019-12-01
[INFO ] 2019-12-23 13:23:29,724 com.tcl.move.main.SubsCountLoader - Batch Completed at Mon Dec 23 13:23:29 IST 2019
